<?xml version="1.0" encoding="utf-8" standalone="no"?>
<!--This file represents the results of running a test suite-->
<test-results name="FluentFs.Tests.Functional\bin\Debug\FluentFs.Tests.Functional.dll" total="1" errors="0" failures="0" not-run="0" inconclusive="0" ignored="0" skipped="0" invalid="0" date="2012-10-21" time="10:28:51">
  <environment nunit-version="2.5.7.10213" clr-version="2.0.50727.1433" os-version="Microsoft Windows NT 6.1.7601.65536 Service Pack 1" platform="Win32NT" cwd="C:\Projects\FluentFs" machine-name="KUDOS-LAPTOP" user="Kudos" user-domain="KUDOS-LAPTOP" />
  <culture-info current-culture="en-US" current-uiculture="en-US" />
  <test-suite type="Assembly" name="FluentFs.Tests.Functional\bin\Debug\FluentFs.Tests.Functional.dll" executed="True" result="Success" success="True" time="0.133" asserts="0">
    <results>
      <test-suite type="Namespace" name="FluentFs" executed="True" result="Success" success="True" time="0.094" asserts="0">
        <results>
          <test-suite type="Namespace" name="Tests" executed="True" result="Success" success="True" time="0.092" asserts="0">
            <results>
              <test-suite type="Namespace" name="Functional" executed="True" result="Success" success="True" time="0.090" asserts="0">
                <results>
                  <test-suite type="TestFixture" name="FilesetTests" executed="True" result="Success" success="True" time="0.085" asserts="0">
                    <results>
                      <test-case name="FluentFs.Tests.Functional.FilesetTests.IncludeWithFilter" executed="True" result="Success" success="True" time="0.074" asserts="3" />
                    </results>
                  </test-suite>
                </results>
              </test-suite>
            </results>
          </test-suite>
        </results>
      </test-suite>
    </results>
  </test-suite>
</test-results>